
> flitic@1.0.0 start /my data/a7md/My Files/http/_Files/Course/project
> NODE_ENV=development DEBUG=app:* nodemon app

[33m[nodemon] 1.18.9[39m
[33m[nodemon] to restart at any time, enter `rs`[39m
[33m[nodemon] watching: *.*[39m
[32m[nodemon] starting `node app.js`[39m
events.js:167
      throw er; // Unhandled 'error' event
      ^

Error: EBADF: bad file descriptor, read
Emitted 'error' event at:
    at lazyFs.read (internal/fs/streams.js:165:12)
    at FSReqWrap.wrapper [as oncomplete] (fs.js:463:17)
npm ERR! code ELIFECYCLE
npm ERR! errno 1
npm ERR! flitic@1.0.0 start: `NODE_ENV=development DEBUG=app:* nodemon app`
npm ERR! Exit status 1
npm ERR! 
npm ERR! Failed at the flitic@1.0.0 start script.
npm ERR! This is probably not a problem with npm. There is likely additional logging output above.

npm ERR! A complete log of this run can be found in:
npm ERR!     /home/dev/.npm/_logs/2019-01-01T20_12_44_096Z-debug.log

> flitic@1.0.0 start /my data/a7md/My Files/http/_Files/Course/project
> NODE_ENV=development DEBUG=app:* nodemon app

[33m[nodemon] 1.18.9[39m
[33m[nodemon] to restart at any time, enter `rs`[39m
[33m[nodemon] watching: *.*[39m
[32m[nodemon] starting `node app.js`[39m
events.js:167
      throw er; // Unhandled 'error' event
      ^

Error: EBADF: bad file descriptor, read
Emitted 'error' event at:
    at lazyFs.read (internal/fs/streams.js:165:12)
    at FSReqWrap.wrapper [as oncomplete] (fs.js:463:17)
npm ERR! code ELIFECYCLE
npm ERR! errno 1
npm ERR! flitic@1.0.0 start: `NODE_ENV=development DEBUG=app:* nodemon app`
npm ERR! Exit status 1
npm ERR! 
npm ERR! Failed at the flitic@1.0.0 start script.
npm ERR! This is probably not a problem with npm. There is likely additional logging output above.

npm ERR! A complete log of this run can be found in:
npm ERR!     /home/dev/.npm/_logs/2019-01-01T20_12_50_046Z-debug.log
